  AmoObject.cpp
  BaseObject.cpp
  Common_Function.cpp
  main.cpp
C:\Users\Thang Tran\Desktop\SDL\GameSDLDemo\GameSDLDemo\main.cpp(50,14): warning C4244: 'argument': conversion from 'time_t' to 'unsigned int', possible loss of data
  MainObject.cpp
  ThreatObject.cpp
C:\Users\Thang Tran\Desktop\SDL\GameSDLDemo\GameSDLDemo\ThreatObject.cpp(6,14): warning C4244: '=': conversion from 'double' to 'Sint16', possible loss of data
C:\Users\Thang Tran\Desktop\SDL\GameSDLDemo\GameSDLDemo\ThreatObject.cpp(36,33): warning C4244: 'argument': conversion from 'double' to 'const int', possible loss of data
C:\Users\Thang Tran\Desktop\SDL\GameSDLDemo\GameSDLDemo\ThreatObject.cpp(58,34): warning C4244: 'argument': conversion from 'double' to 'const int', possible loss of data
C:\Users\Thang Tran\Desktop\SDL\GameSDLDemo\GameSDLDemo\ThreatObject.cpp(72,20): warning C4244: '=': conversion from 'double' to 'int', possible loss of data
  Generating Code...
BaseObject.obj : error LNK2019: unresolved external symbol SDL_FreeSurface referenced in function "public: __cdecl BaseObject::~BaseObject(void)" (??1BaseObject@@QEAA@XZ)
Common_Function.obj : error LNK2001: unresolved external symbol SDL_FreeSurface
Common_Function.obj : error LNK2019: unresolved external symbol SDL_MapRGB referenced in function "struct SDL_Surface * __cdecl SDLCommonFunc::LoadImageW(class std::basic_string<char,struct std::char_traits<char>,class std::allocator<char> >)" (?LoadImageW@SDLCommonFunc@@YAPEAUSDL_Surface@@V?$basic_string@DU?$char_traits@D@std@@V?$allocator@D@2@@std@@@Z)
Common_Function.obj : error LNK2019: unresolved external symbol SDL_SetColorKey referenced in function "struct SDL_Surface * __cdecl SDLCommonFunc::LoadImageW(class std::basic_string<char,struct std::char_traits<char>,class std::allocator<char> >)" (?LoadImageW@SDLCommonFunc@@YAPEAUSDL_Surface@@V?$basic_string@DU?$char_traits@D@std@@V?$allocator@D@2@@std@@@Z)
Common_Function.obj : error LNK2019: unresolved external symbol SDL_UpperBlit referenced in function "void __cdecl SDLCommonFunc::ApplySurface(struct SDL_Surface *,struct SDL_Surface *,int const &,int const &)" (?ApplySurface@SDLCommonFunc@@YAXPEAUSDL_Surface@@0AEBH1@Z)
Common_Function.obj : error LNK2019: unresolved external symbol SDL_DisplayFormat referenced in function "struct SDL_Surface * __cdecl SDLCommonFunc::LoadImageW(class std::basic_string<char,struct std::char_traits<char>,class std::allocator<char> >)" (?LoadImageW@SDLCommonFunc@@YAPEAUSDL_Surface@@V?$basic_string@DU?$char_traits@D@std@@V?$allocator@D@2@@std@@@Z)
Common_Function.obj : error LNK2019: unresolved external symbol IMG_Load referenced in function "struct SDL_Surface * __cdecl SDLCommonFunc::LoadImageW(class std::basic_string<char,struct std::char_traits<char>,class std::allocator<char> >)" (?LoadImageW@SDLCommonFunc@@YAPEAUSDL_Surface@@V?$basic_string@DU?$char_traits@D@std@@V?$allocator@D@2@@std@@@Z)
main.obj : error LNK2019: unresolved external symbol SDL_SetVideoMode referenced in function "bool __cdecl Init(void)" (?Init@@YA_NXZ)
main.obj : error LNK2019: unresolved external symbol SDL_Flip referenced in function main
main.obj : error LNK2019: unresolved external symbol SDL_PollEvent referenced in function main
main.obj : error LNK2019: unresolved external symbol SDL_Init referenced in function "bool __cdecl Init(void)" (?Init@@YA_NXZ)
main.obj : error LNK2019: unresolved external symbol SDL_Quit referenced in function main
C:\Users\Thang Tran\Desktop\SDL\GameSDLDemo\SDL_Lib\SDL_1_2_15\lib\x86\SDL.lib : warning LNK4272: library machine type 'x86' conflicts with target machine type 'x64'
C:\Users\Thang Tran\Desktop\SDL\GameSDLDemo\SDL_Lib\SDL_1_2_15\lib\x86\SDLmain.lib : warning LNK4272: library machine type 'x86' conflicts with target machine type 'x64'
C:\Users\Thang Tran\Desktop\SDL\GameSDLDemo\SDL_Lib\SDL_image_1_2_4\lib\SDL_image.lib : warning LNK4272: library machine type 'x86' conflicts with target machine type 'x64'
C:\Users\Thang Tran\Desktop\SDL\GameSDLDemo\SDL_Lib\SDL_mixer_1_2_12\lib\x86\SDL_mixer.lib : warning LNK4272: library machine type 'x86' conflicts with target machine type 'x64'
C:\Users\Thang Tran\Desktop\SDL\GameSDLDemo\SDL_Lib\SDL2_ttf_2_0_11\lib\x86\SDL_ttf.lib : warning LNK4272: library machine type 'x86' conflicts with target machine type 'x64'
C:\Users\Thang Tran\Desktop\SDL\GameSDLDemo\x64\Debug\GameSDLDemo.exe : fatal error LNK1120: 11 unresolved externals
